<?xml version="1.0" encoding="UTF-8"?>
<!-- Generated by org.testng.reporters.JUnitReportReporter -->
<testsuite skipped="1" hostname="DESKTOP-U0EJJ0T" name="com.utthunga.testng1.Class1" tests="5" failures="0" timestamp="09 Feb 2018 07:11:16 GMT" time="0.014" errors="0">
  <testcase name="TC_001" time="0.009" classname="com.utthunga.testng1.Class1"/>
  <testcase name="TC_003" time="0.002" classname="com.utthunga.testng1.Class1"/>
  <testcase name="TC_004" time="0.001" classname="com.utthunga.testng1.Class1"/>
  <testcase name="TC_005" time="0.002" classname="com.utthunga.testng1.Class1"/>
  <testcase name="TC_002" classname="com.utthunga.testng1.Class1">
    <skipped/>
  </testcase> <!-- TC_002 -->
</testsuite> <!-- com.utthunga.testng1.Class1 -->
